TN:
SF:public\javascripts\achievements.js
FN:18,(anonymous_0)
FNF:1
FNH:1
FNDA:6,(anonymous_0)
DA:10,1
DA:18,1
DA:21,6
DA:24,6
DA:27,5
DA:30,4
DA:33,4
DA:34,4
DA:36,1
DA:37,1
DA:39,1
DA:40,1
DA:42,1
DA:43,1
DA:45,1
DA:46,1
DA:48,1
DA:49,1
DA:51,1
DA:52,1
DA:54,1
DA:55,1
DA:57,1
DA:58,1
DA:60,1
DA:61,1
DA:63,1
DA:64,1
DA:66,2
DA:67,2
DA:69,2
DA:70,2
DA:72,3
DA:73,3
DA:75,3
DA:76,3
DA:78,4
DA:79,4
DA:83,4
DA:84,2
DA:85,2
DA:87,4
DA:88,1
DA:89,1
DA:91,4
DA:92,1
DA:93,1
DA:99,1
DA:105,1
LF:49
LH:49
BRDA:24,0,0,5
BRDA:24,0,1,1
BRDA:27,1,0,4
BRDA:27,1,1,1
BRDA:34,2,0,1
BRDA:34,2,1,1
BRDA:34,2,2,1
BRDA:34,2,3,1
BRDA:34,2,4,1
BRDA:34,2,5,1
BRDA:34,2,6,1
BRDA:34,2,7,1
BRDA:34,2,8,1
BRDA:34,2,9,1
BRDA:34,2,10,2
BRDA:34,2,11,2
BRDA:34,2,12,3
BRDA:34,2,13,3
BRDA:34,2,14,4
BRDA:83,3,0,2
BRDA:83,3,1,2
BRDA:87,4,0,1
BRDA:87,4,1,3
BRDA:91,5,0,1
BRDA:91,5,1,3
BRF:25
BRH:25
end_of_record
TN:
SF:public\javascripts\data.js
FN:6,drawSpeciesChart
FN:16,addSpeciesData
FN:36,drawAgeChart
FN:47,addAgeData
FN:58,drawOwnerChart
FN:69,addOwnData
FN:80,drawNeighborhoodChart
FN:91,addNeighData
FNF:8
FNH:4
FNDA:0,drawSpeciesChart
FNDA:1,addSpeciesData
FNDA:0,drawAgeChart
FNDA:1,addAgeData
FNDA:0,drawOwnerChart
FNDA:1,addOwnData
FNDA:0,drawNeighborhoodChart
FNDA:1,addNeighData
DA:2,1
DA:8,0
DA:9,0
DA:10,0
DA:11,0
DA:12,0
DA:13,0
DA:17,1
DA:32,1
DA:38,0
DA:39,0
DA:40,0
DA:41,0
DA:43,0
DA:44,0
DA:48,1
DA:54,1
DA:60,0
DA:61,0
DA:62,0
DA:63,0
DA:65,0
DA:66,0
DA:70,1
DA:76,1
DA:82,0
DA:83,0
DA:84,0
DA:85,0
DA:87,0
DA:88,0
DA:92,1
DA:101,1
LF:33
LH:9
BRF:0
BRH:0
end_of_record
TN:
SF:public\javascripts\demoMap.js
FN:32,initMap
FN:65,(anonymous_1)
FN:72,(anonymous_2)
FN:107,marker
FNF:4
FNH:0
FNDA:0,initMap
FNDA:0,(anonymous_1)
FNDA:0,(anonymous_2)
FNDA:0,marker
DA:9,1
DA:11,1
DA:15,1
DA:16,1
DA:17,1
DA:18,1
DA:19,1
DA:20,1
DA:21,1
DA:22,1
DA:23,1
DA:24,1
DA:25,1
DA:26,1
DA:27,1
DA:33,0
DA:38,0
DA:39,0
DA:47,0
DA:62,0
DA:65,0
DA:66,0
DA:72,0
DA:73,0
DA:76,0
DA:78,0
DA:79,0
DA:86,0
DA:88,0
DA:96,0
DA:97,0
DA:108,0
DA:116,1
DA:117,1
DA:118,1
LF:35
LH:18
BRF:0
BRH:0
end_of_record
